[debug] [2022-08-27T18:09:39.766Z] ----------------------------------------------------------------------
[debug] [2022-08-27T18:09:39.768Z] Command:       /Users/christopherwindisch/.nvm/versions/node/v16.14.0/bin/node /usr/local/bin/firebase emulators:start
[debug] [2022-08-27T18:09:39.768Z] CLI Version:   11.4.2
[debug] [2022-08-27T18:09:39.769Z] Platform:      darwin
[debug] [2022-08-27T18:09:39.769Z] Node Version:  v16.14.0
[debug] [2022-08-27T18:09:39.771Z] Time:          Sat Aug 27 2022 11:09:39 GMT-0700 (Pacific Daylight Time)
[debug] [2022-08-27T18:09:39.771Z] ----------------------------------------------------------------------
[debug] 
[debug] [2022-08-27T18:09:39.845Z] Field ".emulators.hosting.port" in "firebase.json" is possibly invalid: should be number
[debug] [2022-08-27T18:09:39.853Z] > command requires scopes: ["email","openid","https://www.googleapis.com/auth/cloudplatformprojects.readonly","https://www.googleapis.com/auth/firebase","https://www.googleapis.com/auth/cloud-platform"]
[debug] [2022-08-27T18:09:39.853Z] > authorizing via signed-in user (cjdevbootstrap@gmail.com)
[info] i  emulators: Starting emulators: functions, hosting {"metadata":{"emulator":{"name":"hub"},"message":"Starting emulators: functions, hosting"}}
[debug] [2022-08-27T18:09:39.898Z] [hub] writing locator at /var/folders/zk/tp0cj3j562l4jdhrj8z2gm5h0000gn/T/hub-email-avail.json
[warn] ⚠  functions: The following emulators are not running, calls to these services from the Functions emulator will affect production: auth, firestore, database, pubsub, storage {"metadata":{"emulator":{"name":"functions"},"message":"The following emulators are not running, calls to these services from the Functions emulator will affect production: \u001b[1mauth, firestore, database, pubsub, storage\u001b[22m"}}
[info] ✔  functions: Using node@16 from host. {"metadata":{"emulator":{"name":"functions"},"message":"Using node@16 from host."}}
[debug] [2022-08-27T18:09:39.944Z] defaultcredentials: writing to file /Users/christopherwindisch/.config/firebase/cjdevbootstrap_gmail_com_application_default_credentials.json
[debug] [2022-08-27T18:09:39.948Z] Setting GAC to /Users/christopherwindisch/.config/firebase/cjdevbootstrap_gmail_com_application_default_credentials.json {"metadata":{"emulator":{"name":"functions"},"message":"Setting GAC to /Users/christopherwindisch/.config/firebase/cjdevbootstrap_gmail_com_application_default_credentials.json"}}
[debug] [2022-08-27T18:09:39.951Z] >>> [apiv2][query] GET https://firebase.googleapis.com/v1beta1/projects/email-avail/adminSdkConfig [none]
[debug] [2022-08-27T18:09:40.483Z] <<< [apiv2][status] GET https://firebase.googleapis.com/v1beta1/projects/email-avail/adminSdkConfig 200
[debug] [2022-08-27T18:09:40.484Z] <<< [apiv2][body] GET https://firebase.googleapis.com/v1beta1/projects/email-avail/adminSdkConfig {"projectId":"email-avail","storageBucket":"email-avail.appspot.com"}
[debug] [2022-08-27T18:09:40.530Z] >>> [apiv2][query] GET https://firebasehosting.googleapis.com/v1beta1/projects/email-avail/sites 
[debug] [2022-08-27T18:09:41.067Z] <<< [apiv2][status] GET https://firebasehosting.googleapis.com/v1beta1/projects/email-avail/sites 200
[debug] [2022-08-27T18:09:41.071Z] <<< [apiv2][body] GET https://firebasehosting.googleapis.com/v1beta1/projects/email-avail/sites {"sites":[{"name":"projects/email-avail/sites/email-avail","defaultUrl":"https://email-avail.web.app","type":"DEFAULT_SITE"}]}
[debug] [2022-08-27T18:09:41.072Z] >>> [apiv2][query] GET https://firebase.googleapis.com/v1beta1/projects/email-avail/webApps/-/config [none]
[debug] [2022-08-27T18:09:41.659Z] <<< [apiv2][status] GET https://firebase.googleapis.com/v1beta1/projects/email-avail/webApps/-/config 200
[debug] [2022-08-27T18:09:41.660Z] <<< [apiv2][body] GET https://firebase.googleapis.com/v1beta1/projects/email-avail/webApps/-/config {"projectId":"email-avail","appId":"1:236232457973:web:35546cecee3b281226cfbc","storageBucket":"email-avail.appspot.com","apiKey":"AIzaSyCnq_opjUJPWB2osSh2TIXVYjtyqpUCNZg","authDomain":"email-avail.firebaseapp.com","messagingSenderId":"236232457973"}
[info] i  hosting: Serving hosting files from: build {"metadata":{"emulator":{"name":"hosting"},"message":"Serving hosting files from: \u001b[1mbuild\u001b[22m"}}
[info] ✔  hosting: Local server: http://localhost:9999 {"metadata":{"emulator":{"name":"hosting"},"message":"Local server: \u001b[4m\u001b[1mhttp://localhost:9999\u001b[22m\u001b[24m"}}
[warn] ⚠  ui: Emulator UI unable to start on port 4000, starting on 4001 instead. {"metadata":{"emulator":{"name":"ui"},"message":"Emulator UI unable to start on port 4000, starting on 4001 instead."}}
[debug] [2022-08-27T18:09:41.839Z] Ignoring unsupported arg: auto_download {"metadata":{"emulator":{"name":"ui"},"message":"Ignoring unsupported arg: auto_download"}}
[debug] [2022-08-27T18:09:41.840Z] Ignoring unsupported arg: port {"metadata":{"emulator":{"name":"ui"},"message":"Ignoring unsupported arg: port"}}
[debug] [2022-08-27T18:09:41.840Z] Starting Emulator UI with command {"binary":"node","args":["/Users/christopherwindisch/.cache/firebase/emulators/ui-v1.8.1/server/server.js"],"optionalArgs":[],"joinArgs":false} {"metadata":{"emulator":{"name":"ui"},"message":"Starting Emulator UI with command {\"binary\":\"node\",\"args\":[\"/Users/christopherwindisch/.cache/firebase/emulators/ui-v1.8.1/server/server.js\"],\"optionalArgs\":[],\"joinArgs\":false}"}}
[info] i  ui: Emulator UI logging to ui-debug.log {"metadata":{"emulator":{"name":"ui"},"message":"Emulator UI logging to \u001b[1mui-debug.log\u001b[22m"}}
[debug] [2022-08-27T18:09:41.941Z] Web / API server started at localhost:4001
 {"metadata":{"emulator":{"name":"ui"},"message":"Web / API server started at localhost:4001\n"}}
[info] i  functions: Watching "/Users/christopherwindisch/Dev/email-avail/functions" for Cloud Functions... {"metadata":{"emulator":{"name":"functions"},"message":"Watching \"/Users/christopherwindisch/Dev/email-avail/functions\" for Cloud Functions..."}}
[debug] [2022-08-27T18:09:42.130Z] Validating nodejs source
[debug] [2022-08-27T18:09:43.860Z] > [functions] package.json contents: {
  "name": "functions",
  "description": "Cloud Functions for Firebase",
  "scripts": {
    "lint": "eslint .",
    "serve": "firebase emulators:start --only functions",
    "shell": "firebase functions:shell",
    "start": "npm run shell",
    "deploy": "firebase deploy --only functions",
    "logs": "firebase functions:log"
  },
  "engines": {
    "node": "16"
  },
  "main": "index.js",
  "dependencies": {
    "@babel/cli": "^7.18.10",
    "@babel/core": "^7.18.13",
    "@babel/preset-env": "^7.18.10",
    "@sendgrid/mail": "^7.7.0",
    "firebase-admin": "^10.0.2",
    "firebase-functions": "^3.18.0"
  },
  "devDependencies": {
    "eslint": "^8.9.0",
    "eslint-config-google": "^0.14.0",
    "firebase-functions-test": "^0.2.0"
  },
  "private": true
}
[debug] [2022-08-27T18:09:43.860Z] Building nodejs source
[debug] [2022-08-27T18:09:43.860Z] Analyzing nodejs backend spec
[debug] [2022-08-27T18:09:43.863Z] Could not find functions.yaml. Must use http discovery
[debug] [2022-08-27T18:09:44.135Z] Serving at port 9006

[debug] [2022-08-27T18:09:44.209Z] Got response from /__/functions.yaml {"endpoints":{"requestFeature":{"platform":"gcfv1","httpsTrigger":{},"entryPoint":"requestFeature"}},"specVersion":"v1alpha1","requiredAPIs":[]}
[debug] [2022-08-27T18:09:44.221Z] shutdown requested via /__/quitquitquit

[info] ✔  functions[us-central1-requestFeature]: http function initialized (http://localhost:5001/email-avail/us-central1/requestFeature). {"metadata":{"emulator":{"name":"functions"},"message":"\u001b[1mhttp\u001b[22m function initialized (http://localhost:5001/email-avail/us-central1/requestFeature)."}}
[info] 
┌─────────────────────────────────────────────────────────────┐
│ ✔  All emulators ready! It is now safe to connect your app. │
│ i  View Emulator UI at http://localhost:4001                │
└─────────────────────────────────────────────────────────────┘

┌───────────┬────────────────┬─────────────────────────────────┐
│ Emulator  │ Host:Port      │ View in Emulator UI             │
├───────────┼────────────────┼─────────────────────────────────┤
│ Functions │ localhost:5001 │ http://localhost:4001/functions │
├───────────┼────────────────┼─────────────────────────────────┤
│ Hosting   │ localhost:9999 │ n/a                             │
└───────────┴────────────────┴─────────────────────────────────┘
  Emulator Hub running at localhost:4400
  Other reserved ports: 4500

Issues? Report them at https://github.com/firebase/firebase-tools/issues and attach the *-debug.log files.
 
[debug] [2022-08-27T18:09:47.204Z] [work-queue] {"queueLength":1,"workRunningCount":0}
[debug] [2022-08-27T18:09:47.205Z] [work-queue] {"queueLength":0,"workRunningCount":1}
[debug] [2022-08-27T18:09:47.205Z] Accepted request POST /email-avail/us-central1/requestFeature --> us-central1-requestFeature
[info] i  functions: Loaded environment variables from .env. 
[debug] [2022-08-27T18:09:47.223Z] [worker-pool] addWorker(us-central1-requestFeature) {"metadata":{"emulator":{"name":"functions"},"message":"[worker-pool] addWorker(us-central1-requestFeature)"}}
[debug] [2022-08-27T18:09:47.224Z] [worker-pool] Adding worker with key us-central1-requestFeature, total=1 {"metadata":{"emulator":{"name":"functions"},"message":"[worker-pool] Adding worker with key us-central1-requestFeature, total=1"}}
[debug] [2022-08-27T18:09:47.224Z] [worker-pool] submitWork(triggerId=us-central1-requestFeature) {"metadata":{"emulator":{"name":"functions"},"message":"[worker-pool] submitWork(triggerId=us-central1-requestFeature)"}}
[debug] [2022-08-27T18:09:47.224Z] [worker-us-central1-requestFeature-1c4c13db-1cf4-49e7-b2fd-73d090e14d7c]: BUSY {"metadata":{"emulator":{"name":"functions"},"message":"[worker-us-central1-requestFeature-1c4c13db-1cf4-49e7-b2fd-73d090e14d7c]: BUSY"}}
[debug] [2022-08-27T18:09:47.879Z] [runtime-status] [5601] Resolved module firebase-admin {"declared":true,"installed":true,"version":"10.3.0","resolution":"/Users/christopherwindisch/Dev/email-avail/functions/node_modules/firebase-admin/lib/index.js"} {"metadata":{"emulator":{"name":"functions"},"function":{"name":"us-central1-requestFeature"},"extension":{},"message":"[runtime-status] [5601] Resolved module firebase-admin {\"declared\":true,\"installed\":true,\"version\":\"10.3.0\",\"resolution\":\"/Users/christopherwindisch/Dev/email-avail/functions/node_modules/firebase-admin/lib/index.js\"}"}}
[debug] [2022-08-27T18:09:47.879Z] [runtime-status] [5601] Resolved module firebase-functions {"declared":true,"installed":true,"version":"3.22.0","resolution":"/Users/christopherwindisch/Dev/email-avail/functions/node_modules/firebase-functions/lib/index.js"} {"metadata":{"emulator":{"name":"functions"},"function":{"name":"us-central1-requestFeature"},"extension":{},"message":"[runtime-status] [5601] Resolved module firebase-functions {\"declared\":true,\"installed\":true,\"version\":\"3.22.0\",\"resolution\":\"/Users/christopherwindisch/Dev/email-avail/functions/node_modules/firebase-functions/lib/index.js\"}"}}
[debug] [2022-08-27T18:09:47.880Z] [runtime-status] [5601] Outgoing network have been stubbed. [{"name":"http","status":"mocked"},{"name":"http","status":"mocked"},{"name":"https","status":"mocked"},{"name":"https","status":"mocked"},{"name":"net","status":"mocked"}] {"metadata":{"emulator":{"name":"functions"},"function":{"name":"us-central1-requestFeature"},"extension":{},"message":"[runtime-status] [5601] Outgoing network have been stubbed. [{\"name\":\"http\",\"status\":\"mocked\"},{\"name\":\"http\",\"status\":\"mocked\"},{\"name\":\"https\",\"status\":\"mocked\"},{\"name\":\"https\",\"status\":\"mocked\"},{\"name\":\"net\",\"status\":\"mocked\"}]"}}
[debug] [2022-08-27T18:09:47.881Z] [runtime-status] [5601] Resolved module firebase-functions {"declared":true,"installed":true,"version":"3.22.0","resolution":"/Users/christopherwindisch/Dev/email-avail/functions/node_modules/firebase-functions/lib/index.js"} {"metadata":{"emulator":{"name":"functions"},"function":{"name":"us-central1-requestFeature"},"extension":{},"message":"[runtime-status] [5601] Resolved module firebase-functions {\"declared\":true,\"installed\":true,\"version\":\"3.22.0\",\"resolution\":\"/Users/christopherwindisch/Dev/email-avail/functions/node_modules/firebase-functions/lib/index.js\"}"}}
[debug] [2022-08-27T18:09:47.904Z] [runtime-status] [5601] Checked functions.config() {"config":{}} {"metadata":{"emulator":{"name":"functions"},"function":{"name":"us-central1-requestFeature"},"extension":{},"message":"[runtime-status] [5601] Checked functions.config() {\"config\":{}}"}}
[debug] [2022-08-27T18:09:47.904Z] [runtime-status] [5601] firebase-functions has been stubbed. {"functionsResolution":{"declared":true,"installed":true,"version":"3.22.0","resolution":"/Users/christopherwindisch/Dev/email-avail/functions/node_modules/firebase-functions/lib/index.js"}} {"metadata":{"emulator":{"name":"functions"},"function":{"name":"us-central1-requestFeature"},"extension":{},"message":"[runtime-status] [5601] firebase-functions has been stubbed. {\"functionsResolution\":{\"declared\":true,\"installed\":true,\"version\":\"3.22.0\",\"resolution\":\"/Users/christopherwindisch/Dev/email-avail/functions/node_modules/firebase-functions/lib/index.js\"}}"}}
[debug] [2022-08-27T18:09:47.906Z] [runtime-status] [5601] Resolved module firebase-functions {"declared":true,"installed":true,"version":"3.22.0","resolution":"/Users/christopherwindisch/Dev/email-avail/functions/node_modules/firebase-functions/lib/index.js"} {"metadata":{"emulator":{"name":"functions"},"function":{"name":"us-central1-requestFeature"},"extension":{},"message":"[runtime-status] [5601] Resolved module firebase-functions {\"declared\":true,\"installed\":true,\"version\":\"3.22.0\",\"resolution\":\"/Users/christopherwindisch/Dev/email-avail/functions/node_modules/firebase-functions/lib/index.js\"}"}}
[debug] [2022-08-27T18:09:47.908Z] [runtime-status] [5601] Resolved module firebase-admin {"declared":true,"installed":true,"version":"10.3.0","resolution":"/Users/christopherwindisch/Dev/email-avail/functions/node_modules/firebase-admin/lib/index.js"} {"metadata":{"emulator":{"name":"functions"},"function":{"name":"us-central1-requestFeature"},"extension":{},"message":"[runtime-status] [5601] Resolved module firebase-admin {\"declared\":true,\"installed\":true,\"version\":\"10.3.0\",\"resolution\":\"/Users/christopherwindisch/Dev/email-avail/functions/node_modules/firebase-admin/lib/index.js\"}"}}
[debug] [2022-08-27T18:09:47.908Z] [runtime-status] [5601] Resolved module firebase-functions {"declared":true,"installed":true,"version":"3.22.0","resolution":"/Users/christopherwindisch/Dev/email-avail/functions/node_modules/firebase-functions/lib/index.js"} {"metadata":{"emulator":{"name":"functions"},"function":{"name":"us-central1-requestFeature"},"extension":{},"message":"[runtime-status] [5601] Resolved module firebase-functions {\"declared\":true,\"installed\":true,\"version\":\"3.22.0\",\"resolution\":\"/Users/christopherwindisch/Dev/email-avail/functions/node_modules/firebase-functions/lib/index.js\"}"}}
[debug] [2022-08-27T18:09:47.909Z] [runtime-status] [5601] firebase-admin has been stubbed. {"adminResolution":{"declared":true,"installed":true,"version":"10.3.0","resolution":"/Users/christopherwindisch/Dev/email-avail/functions/node_modules/firebase-admin/lib/index.js"}} {"metadata":{"emulator":{"name":"functions"},"function":{"name":"us-central1-requestFeature"},"extension":{},"message":"[runtime-status] [5601] firebase-admin has been stubbed. {\"adminResolution\":{\"declared\":true,\"installed\":true,\"version\":\"10.3.0\",\"resolution\":\"/Users/christopherwindisch/Dev/email-avail/functions/node_modules/firebase-admin/lib/index.js\"}}"}}
[debug] [2022-08-27T18:09:47.910Z] [runtime-status] [5601] Functions runtime initialized. {"cwd":"/Users/christopherwindisch/Dev/email-avail/functions","node_version":"16.14.0"} {"metadata":{"emulator":{"name":"functions"},"function":{"name":"us-central1-requestFeature"},"extension":{},"message":"[runtime-status] [5601] Functions runtime initialized. {\"cwd\":\"/Users/christopherwindisch/Dev/email-avail/functions\",\"node_version\":\"16.14.0\"}"}}
[debug] [2022-08-27T18:09:47.924Z] [runtime-status] [5601] Beginning invocation function requestFeature! {"metadata":{"emulator":{"name":"functions"},"function":{"name":"us-central1-requestFeature"},"extension":{},"message":"[runtime-status] [5601] Beginning invocation function requestFeature!"}}
[info] i  functions: Beginning execution of "requestFeature" {"metadata":{"emulator":{"name":"functions"},"function":{"name":"us-central1-requestFeature"},"extension":{},"message":"Beginning execution of \"requestFeature\""}}
[debug] [2022-08-27T18:09:47.925Z] [runtime-status] [5601] Running requestFeature in signature http {"metadata":{"emulator":{"name":"functions"},"function":{"name":"us-central1-requestFeature"},"extension":{},"message":"[runtime-status] [5601] Running requestFeature in signature http"}}
[debug] [2022-08-27T18:09:47.930Z] [runtime-status] [5601] Listening to port: /var/folders/zk/tp0cj3j562l4jdhrj8z2gm5h0000gn/T/fire_emu_8e5813d39003eecc.sock {"metadata":{"emulator":{"name":"functions"},"function":{"name":"us-central1-requestFeature"},"extension":{},"message":"[runtime-status] [5601] Listening to port: /var/folders/zk/tp0cj3j562l4jdhrj8z2gm5h0000gn/T/fire_emu_8e5813d39003eecc.sock"}}
[debug] [2022-08-27T18:09:47.948Z] [functions] Runtime ready! Sending request! {"metadata":{"emulator":{"name":"functions"},"message":"[functions] Runtime ready! Sending request!"}}
[debug] [2022-08-27T18:09:47.949Z] [functions] Got req.url=/email-avail/us-central1/requestFeature, mapping to path=/ {"metadata":{"emulator":{"name":"functions"},"message":"[functions] Got req.url=/email-avail/us-central1/requestFeature, mapping to path=/"}}
[debug] [2022-08-27T18:09:47.961Z] [runtime-status] [5601] Ephemeral server handling POST request {"metadata":{"emulator":{"name":"functions"},"function":{"name":"us-central1-requestFeature"},"extension":{},"message":"[runtime-status] [5601] Ephemeral server handling POST request"}}
[debug] [2022-08-27T18:09:47.999Z] [runtime-status] [5601] Ephemeral server survived. {"metadata":{"emulator":{"name":"functions"},"function":{"name":"us-central1-requestFeature"},"extension":{},"message":"[runtime-status] [5601] Ephemeral server survived."}}
[info] i  functions: Finished "requestFeature" in ~1s {"metadata":{"emulator":{"name":"functions"},"function":{"name":"us-central1-requestFeature"},"extension":{},"message":"Finished \"requestFeature\" in ~1s"}}
[debug] [2022-08-27T18:09:48.003Z] [worker-us-central1-requestFeature-1c4c13db-1cf4-49e7-b2fd-73d090e14d7c]: IDLE {"metadata":{"emulator":{"name":"functions"},"message":"[worker-us-central1-requestFeature-1c4c13db-1cf4-49e7-b2fd-73d090e14d7c]: IDLE"}}
[debug] [2022-08-27T18:09:48.004Z] [work-queue] {"queueLength":0,"workRunningCount":0}
[info] >  undefined {"user":"undefined","metadata":{"emulator":{"name":"functions"},"function":{"name":"us-central1-requestFeature"},"extension":{},"message":"\u001b[90m> \u001b[39m undefined"}}
[debug] [2022-08-27T18:10:21.863Z] File /Users/christopherwindisch/Dev/email-avail/functions/index.js changed, reloading triggers {"metadata":{"emulator":{"name":"functions"},"message":"File /Users/christopherwindisch/Dev/email-avail/functions/index.js changed, reloading triggers"}}
[debug] [2022-08-27T18:10:22.874Z] [worker-pool] Shutting down IDLE worker (us-central1-requestFeature) {"metadata":{"emulator":{"name":"functions"},"message":"[worker-pool] Shutting down IDLE worker (us-central1-requestFeature)"}}
[debug] [2022-08-27T18:10:22.875Z] [worker-us-central1-requestFeature-1c4c13db-1cf4-49e7-b2fd-73d090e14d7c]: FINISHING {"metadata":{"emulator":{"name":"functions"},"message":"[worker-us-central1-requestFeature-1c4c13db-1cf4-49e7-b2fd-73d090e14d7c]: FINISHING"}}
[debug] [2022-08-27T18:10:22.882Z] Validating nodejs source
[debug] [2022-08-27T18:10:24.547Z] > [functions] package.json contents: {
  "name": "functions",
  "description": "Cloud Functions for Firebase",
  "scripts": {
    "lint": "eslint .",
    "serve": "firebase emulators:start --only functions",
    "shell": "firebase functions:shell",
    "start": "npm run shell",
    "deploy": "firebase deploy --only functions",
    "logs": "firebase functions:log"
  },
  "engines": {
    "node": "16"
  },
  "main": "index.js",
  "dependencies": {
    "@babel/cli": "^7.18.10",
    "@babel/core": "^7.18.13",
    "@babel/preset-env": "^7.18.10",
    "@sendgrid/mail": "^7.7.0",
    "firebase-admin": "^10.0.2",
    "firebase-functions": "^3.18.0"
  },
  "devDependencies": {
    "eslint": "^8.9.0",
    "eslint-config-google": "^0.14.0",
    "firebase-functions-test": "^0.2.0"
  },
  "private": true
}
[debug] [2022-08-27T18:10:24.548Z] Building nodejs source
[debug] [2022-08-27T18:10:24.548Z] Analyzing nodejs backend spec
[debug] [2022-08-27T18:10:24.550Z] Could not find functions.yaml. Must use http discovery
[debug] [2022-08-27T18:10:24.556Z] [worker-us-central1-requestFeature-1c4c13db-1cf4-49e7-b2fd-73d090e14d7c]: exited {"metadata":{"emulator":{"name":"functions"},"message":"[worker-us-central1-requestFeature-1c4c13db-1cf4-49e7-b2fd-73d090e14d7c]: exited"}}
[debug] [2022-08-27T18:10:24.556Z] [worker-us-central1-requestFeature-1c4c13db-1cf4-49e7-b2fd-73d090e14d7c]: FINISHED {"metadata":{"emulator":{"name":"functions"},"message":"[worker-us-central1-requestFeature-1c4c13db-1cf4-49e7-b2fd-73d090e14d7c]: FINISHED"}}
[debug] [2022-08-27T18:10:24.559Z] [work-queue] {"queueLength":1,"workRunningCount":0}
[debug] [2022-08-27T18:10:24.559Z] [work-queue] {"queueLength":0,"workRunningCount":1}
[debug] [2022-08-27T18:10:24.560Z] Accepted request POST /email-avail/us-central1/requestFeature --> us-central1-requestFeature
[debug] [2022-08-27T18:10:24.560Z] [worker-pool] Cleaned up workers for us-central1-requestFeature: 1 --> 0 {"metadata":{"emulator":{"name":"functions"},"message":"[worker-pool] Cleaned up workers for us-central1-requestFeature: 1 --> 0"}}
[info] i  functions: Loaded environment variables from .env. 
[debug] [2022-08-27T18:10:24.575Z] [worker-pool] addWorker(us-central1-requestFeature) {"metadata":{"emulator":{"name":"functions"},"message":"[worker-pool] addWorker(us-central1-requestFeature)"}}
[debug] [2022-08-27T18:10:24.576Z] [worker-pool] Adding worker with key us-central1-requestFeature, total=1 {"metadata":{"emulator":{"name":"functions"},"message":"[worker-pool] Adding worker with key us-central1-requestFeature, total=1"}}
[debug] [2022-08-27T18:10:24.576Z] [worker-pool] submitWork(triggerId=us-central1-requestFeature) {"metadata":{"emulator":{"name":"functions"},"message":"[worker-pool] submitWork(triggerId=us-central1-requestFeature)"}}
[debug] [2022-08-27T18:10:24.576Z] [worker-us-central1-requestFeature-ea7fd48f-1deb-43f2-acd9-05feeee272f4]: BUSY {"metadata":{"emulator":{"name":"functions"},"message":"[worker-us-central1-requestFeature-ea7fd48f-1deb-43f2-acd9-05feeee272f4]: BUSY"}}
[debug] [2022-08-27T18:10:24.836Z] Serving at port 9006

[debug] [2022-08-27T18:10:24.897Z] Got response from /__/functions.yaml {"endpoints":{"requestFeature":{"platform":"gcfv1","httpsTrigger":{},"entryPoint":"requestFeature"}},"specVersion":"v1alpha1","requiredAPIs":[]}
[debug] [2022-08-27T18:10:24.905Z] shutdown requested via /__/quitquitquit

[debug] [2022-08-27T18:10:25.250Z] [runtime-status] [5631] Resolved module firebase-admin {"declared":true,"installed":true,"version":"10.3.0","resolution":"/Users/christopherwindisch/Dev/email-avail/functions/node_modules/firebase-admin/lib/index.js"} {"metadata":{"emulator":{"name":"functions"},"function":{"name":"us-central1-requestFeature"},"extension":{},"message":"[runtime-status] [5631] Resolved module firebase-admin {\"declared\":true,\"installed\":true,\"version\":\"10.3.0\",\"resolution\":\"/Users/christopherwindisch/Dev/email-avail/functions/node_modules/firebase-admin/lib/index.js\"}"}}
[debug] [2022-08-27T18:10:25.250Z] [runtime-status] [5631] Resolved module firebase-functions {"declared":true,"installed":true,"version":"3.22.0","resolution":"/Users/christopherwindisch/Dev/email-avail/functions/node_modules/firebase-functions/lib/index.js"} {"metadata":{"emulator":{"name":"functions"},"function":{"name":"us-central1-requestFeature"},"extension":{},"message":"[runtime-status] [5631] Resolved module firebase-functions {\"declared\":true,\"installed\":true,\"version\":\"3.22.0\",\"resolution\":\"/Users/christopherwindisch/Dev/email-avail/functions/node_modules/firebase-functions/lib/index.js\"}"}}
[debug] [2022-08-27T18:10:25.250Z] [runtime-status] [5631] Outgoing network have been stubbed. [{"name":"http","status":"mocked"},{"name":"http","status":"mocked"},{"name":"https","status":"mocked"},{"name":"https","status":"mocked"},{"name":"net","status":"mocked"}] {"metadata":{"emulator":{"name":"functions"},"function":{"name":"us-central1-requestFeature"},"extension":{},"message":"[runtime-status] [5631] Outgoing network have been stubbed. [{\"name\":\"http\",\"status\":\"mocked\"},{\"name\":\"http\",\"status\":\"mocked\"},{\"name\":\"https\",\"status\":\"mocked\"},{\"name\":\"https\",\"status\":\"mocked\"},{\"name\":\"net\",\"status\":\"mocked\"}]"}}
[debug] [2022-08-27T18:10:25.251Z] [runtime-status] [5631] Resolved module firebase-functions {"declared":true,"installed":true,"version":"3.22.0","resolution":"/Users/christopherwindisch/Dev/email-avail/functions/node_modules/firebase-functions/lib/index.js"} {"metadata":{"emulator":{"name":"functions"},"function":{"name":"us-central1-requestFeature"},"extension":{},"message":"[runtime-status] [5631] Resolved module firebase-functions {\"declared\":true,\"installed\":true,\"version\":\"3.22.0\",\"resolution\":\"/Users/christopherwindisch/Dev/email-avail/functions/node_modules/firebase-functions/lib/index.js\"}"}}
[debug] [2022-08-27T18:10:25.275Z] [runtime-status] [5631] Checked functions.config() {"config":{}} {"metadata":{"emulator":{"name":"functions"},"function":{"name":"us-central1-requestFeature"},"extension":{},"message":"[runtime-status] [5631] Checked functions.config() {\"config\":{}}"}}
[debug] [2022-08-27T18:10:25.275Z] [runtime-status] [5631] firebase-functions has been stubbed. {"functionsResolution":{"declared":true,"installed":true,"version":"3.22.0","resolution":"/Users/christopherwindisch/Dev/email-avail/functions/node_modules/firebase-functions/lib/index.js"}} {"metadata":{"emulator":{"name":"functions"},"function":{"name":"us-central1-requestFeature"},"extension":{},"message":"[runtime-status] [5631] firebase-functions has been stubbed. {\"functionsResolution\":{\"declared\":true,\"installed\":true,\"version\":\"3.22.0\",\"resolution\":\"/Users/christopherwindisch/Dev/email-avail/functions/node_modules/firebase-functions/lib/index.js\"}}"}}
[debug] [2022-08-27T18:10:25.278Z] [runtime-status] [5631] Resolved module firebase-functions {"declared":true,"installed":true,"version":"3.22.0","resolution":"/Users/christopherwindisch/Dev/email-avail/functions/node_modules/firebase-functions/lib/index.js"} {"metadata":{"emulator":{"name":"functions"},"function":{"name":"us-central1-requestFeature"},"extension":{},"message":"[runtime-status] [5631] Resolved module firebase-functions {\"declared\":true,\"installed\":true,\"version\":\"3.22.0\",\"resolution\":\"/Users/christopherwindisch/Dev/email-avail/functions/node_modules/firebase-functions/lib/index.js\"}"}}
[debug] [2022-08-27T18:10:25.279Z] [runtime-status] [5631] Resolved module firebase-admin {"declared":true,"installed":true,"version":"10.3.0","resolution":"/Users/christopherwindisch/Dev/email-avail/functions/node_modules/firebase-admin/lib/index.js"} {"metadata":{"emulator":{"name":"functions"},"function":{"name":"us-central1-requestFeature"},"extension":{},"message":"[runtime-status] [5631] Resolved module firebase-admin {\"declared\":true,\"installed\":true,\"version\":\"10.3.0\",\"resolution\":\"/Users/christopherwindisch/Dev/email-avail/functions/node_modules/firebase-admin/lib/index.js\"}"}}
[debug] [2022-08-27T18:10:25.279Z] [runtime-status] [5631] Resolved module firebase-functions {"declared":true,"installed":true,"version":"3.22.0","resolution":"/Users/christopherwindisch/Dev/email-avail/functions/node_modules/firebase-functions/lib/index.js"} {"metadata":{"emulator":{"name":"functions"},"function":{"name":"us-central1-requestFeature"},"extension":{},"message":"[runtime-status] [5631] Resolved module firebase-functions {\"declared\":true,\"installed\":true,\"version\":\"3.22.0\",\"resolution\":\"/Users/christopherwindisch/Dev/email-avail/functions/node_modules/firebase-functions/lib/index.js\"}"}}
[debug] [2022-08-27T18:10:25.279Z] [runtime-status] [5631] firebase-admin has been stubbed. {"adminResolution":{"declared":true,"installed":true,"version":"10.3.0","resolution":"/Users/christopherwindisch/Dev/email-avail/functions/node_modules/firebase-admin/lib/index.js"}} {"metadata":{"emulator":{"name":"functions"},"function":{"name":"us-central1-requestFeature"},"extension":{},"message":"[runtime-status] [5631] firebase-admin has been stubbed. {\"adminResolution\":{\"declared\":true,\"installed\":true,\"version\":\"10.3.0\",\"resolution\":\"/Users/christopherwindisch/Dev/email-avail/functions/node_modules/firebase-admin/lib/index.js\"}}"}}
[debug] [2022-08-27T18:10:25.279Z] [runtime-status] [5631] Functions runtime initialized. {"cwd":"/Users/christopherwindisch/Dev/email-avail/functions","node_version":"16.14.0"} {"metadata":{"emulator":{"name":"functions"},"function":{"name":"us-central1-requestFeature"},"extension":{},"message":"[runtime-status] [5631] Functions runtime initialized. {\"cwd\":\"/Users/christopherwindisch/Dev/email-avail/functions\",\"node_version\":\"16.14.0\"}"}}
[debug] [2022-08-27T18:10:25.290Z] [runtime-status] [5631] Beginning invocation function requestFeature! {"metadata":{"emulator":{"name":"functions"},"function":{"name":"us-central1-requestFeature"},"extension":{},"message":"[runtime-status] [5631] Beginning invocation function requestFeature!"}}
[info] i  functions: Beginning execution of "requestFeature" {"metadata":{"emulator":{"name":"functions"},"function":{"name":"us-central1-requestFeature"},"extension":{},"message":"Beginning execution of \"requestFeature\""}}
[debug] [2022-08-27T18:10:25.291Z] [runtime-status] [5631] Running requestFeature in signature http {"metadata":{"emulator":{"name":"functions"},"function":{"name":"us-central1-requestFeature"},"extension":{},"message":"[runtime-status] [5631] Running requestFeature in signature http"}}
[debug] [2022-08-27T18:10:25.297Z] [runtime-status] [5631] Listening to port: /var/folders/zk/tp0cj3j562l4jdhrj8z2gm5h0000gn/T/fire_emu_5dbb664f1d1b02f4.sock {"metadata":{"emulator":{"name":"functions"},"function":{"name":"us-central1-requestFeature"},"extension":{},"message":"[runtime-status] [5631] Listening to port: /var/folders/zk/tp0cj3j562l4jdhrj8z2gm5h0000gn/T/fire_emu_5dbb664f1d1b02f4.sock"}}
[debug] [2022-08-27T18:10:25.407Z] [functions] Runtime ready! Sending request! {"metadata":{"emulator":{"name":"functions"},"message":"[functions] Runtime ready! Sending request!"}}
[debug] [2022-08-27T18:10:25.407Z] [functions] Got req.url=/email-avail/us-central1/requestFeature, mapping to path=/ {"metadata":{"emulator":{"name":"functions"},"message":"[functions] Got req.url=/email-avail/us-central1/requestFeature, mapping to path=/"}}
[debug] [2022-08-27T18:10:25.419Z] [runtime-status] [5631] Ephemeral server handling POST request {"metadata":{"emulator":{"name":"functions"},"function":{"name":"us-central1-requestFeature"},"extension":{},"message":"[runtime-status] [5631] Ephemeral server handling POST request"}}
[debug] [2022-08-27T18:10:25.446Z] [runtime-status] [5631] Ephemeral server survived. {"metadata":{"emulator":{"name":"functions"},"function":{"name":"us-central1-requestFeature"},"extension":{},"message":"[runtime-status] [5631] Ephemeral server survived."}}
[info] i  functions: Finished "requestFeature" in ~1s {"metadata":{"emulator":{"name":"functions"},"function":{"name":"us-central1-requestFeature"},"extension":{},"message":"Finished \"requestFeature\" in ~1s"}}
[debug] [2022-08-27T18:10:25.447Z] [worker-us-central1-requestFeature-ea7fd48f-1deb-43f2-acd9-05feeee272f4]: IDLE {"metadata":{"emulator":{"name":"functions"},"message":"[worker-us-central1-requestFeature-ea7fd48f-1deb-43f2-acd9-05feeee272f4]: IDLE"}}
[debug] [2022-08-27T18:10:25.448Z] [work-queue] {"queueLength":0,"workRunningCount":0}
[info] >  [ {"user":"[","metadata":{"emulator":{"name":"functions"},"function":{"name":"us-central1-requestFeature"},"extension":{},"message":"\u001b[90m> \u001b[39m ["}}
[info] >    Response { {"user":"  Response {","metadata":{"emulator":{"name":"functions"},"function":{"name":"us-central1-requestFeature"},"extension":{},"message":"\u001b[90m> \u001b[39m   Response {"}}
[info] >      statusCode: 202, {"user":"    statusCode: 202,","metadata":{"emulator":{"name":"functions"},"function":{"name":"us-central1-requestFeature"},"extension":{},"message":"\u001b[90m> \u001b[39m     statusCode: 202,"}}
[info] >      body: '', {"user":"    body: '',","metadata":{"emulator":{"name":"functions"},"function":{"name":"us-central1-requestFeature"},"extension":{},"message":"\u001b[90m> \u001b[39m     body: '',"}}
[info] >      headers: { {"user":"    headers: {","metadata":{"emulator":{"name":"functions"},"function":{"name":"us-central1-requestFeature"},"extension":{},"message":"\u001b[90m> \u001b[39m     headers: {"}}
[info] >        server: 'nginx', {"user":"      server: 'nginx',","metadata":{"emulator":{"name":"functions"},"function":{"name":"us-central1-requestFeature"},"extension":{},"message":"\u001b[90m> \u001b[39m       server: 'nginx',"}}
[info] >        date: 'Sat, 27 Aug 2022 18:10:25 GMT', {"user":"      date: 'Sat, 27 Aug 2022 18:10:25 GMT',","metadata":{"emulator":{"name":"functions"},"function":{"name":"us-central1-requestFeature"},"extension":{},"message":"\u001b[90m> \u001b[39m       date: 'Sat, 27 Aug 2022 18:10:25 GMT',"}}
[info] >        'content-length': '0', {"user":"      'content-length': '0',","metadata":{"emulator":{"name":"functions"},"function":{"name":"us-central1-requestFeature"},"extension":{},"message":"\u001b[90m> \u001b[39m       'content-length': '0',"}}
[info] >        connection: 'close', {"user":"      connection: 'close',","metadata":{"emulator":{"name":"functions"},"function":{"name":"us-central1-requestFeature"},"extension":{},"message":"\u001b[90m> \u001b[39m       connection: 'close',"}}
[info] >        'x-message-id': 'Myol1vkWRu265Fw6tkDhdg', {"user":"      'x-message-id': 'Myol1vkWRu265Fw6tkDhdg',","metadata":{"emulator":{"name":"functions"},"function":{"name":"us-central1-requestFeature"},"extension":{},"message":"\u001b[90m> \u001b[39m       'x-message-id': 'Myol1vkWRu265Fw6tkDhdg',"}}
[info] >        'access-control-allow-origin': 'https://sendgrid.api-docs.io', {"user":"      'access-control-allow-origin': 'https://sendgrid.api-docs.io',","metadata":{"emulator":{"name":"functions"},"function":{"name":"us-central1-requestFeature"},"extension":{},"message":"\u001b[90m> \u001b[39m       'access-control-allow-origin': 'https://sendgrid.api-docs.io',"}}
[info] >        'access-control-allow-methods': 'POST', {"user":"      'access-control-allow-methods': 'POST',","metadata":{"emulator":{"name":"functions"},"function":{"name":"us-central1-requestFeature"},"extension":{},"message":"\u001b[90m> \u001b[39m       'access-control-allow-methods': 'POST',"}}
[info] >        'access-control-allow-headers': 'Authorization, Content-Type, On-behalf-of, x-sg-elas-acl', {"user":"      'access-control-allow-headers': 'Authorization, Content-Type, On-behalf-of, x-sg-elas-acl',","metadata":{"emulator":{"name":"functions"},"function":{"name":"us-central1-requestFeature"},"extension":{},"message":"\u001b[90m> \u001b[39m       'access-control-allow-headers': 'Authorization, Content-Type, On-behalf-of, x-sg-elas-acl',"}}
[info] >        'access-control-max-age': '600', {"user":"      'access-control-max-age': '600',","metadata":{"emulator":{"name":"functions"},"function":{"name":"us-central1-requestFeature"},"extension":{},"message":"\u001b[90m> \u001b[39m       'access-control-max-age': '600',"}}
[info] >        'x-no-cors-reason': 'https://sendgrid.com/docs/Classroom/Basics/API/cors.html', {"user":"      'x-no-cors-reason': 'https://sendgrid.com/docs/Classroom/Basics/API/cors.html',","metadata":{"emulator":{"name":"functions"},"function":{"name":"us-central1-requestFeature"},"extension":{},"message":"\u001b[90m> \u001b[39m       'x-no-cors-reason': 'https://sendgrid.com/docs/Classroom/Basics/API/cors.html',"}}
[info] >        'strict-transport-security': 'max-age=600; includeSubDomains' {"user":"      'strict-transport-security': 'max-age=600; includeSubDomains'","metadata":{"emulator":{"name":"functions"},"function":{"name":"us-central1-requestFeature"},"extension":{},"message":"\u001b[90m> \u001b[39m       'strict-transport-security': 'max-age=600; includeSubDomains'"}}
[info] >      } {"user":"    }","metadata":{"emulator":{"name":"functions"},"function":{"name":"us-central1-requestFeature"},"extension":{},"message":"\u001b[90m> \u001b[39m     }"}}
[info] >    }, {"user":"  },","metadata":{"emulator":{"name":"functions"},"function":{"name":"us-central1-requestFeature"},"extension":{},"message":"\u001b[90m> \u001b[39m   },"}}
[info] >    '' {"user":"  ''","metadata":{"emulator":{"name":"functions"},"function":{"name":"us-central1-requestFeature"},"extension":{},"message":"\u001b[90m> \u001b[39m   ''"}}
[info] >  ] {"user":"]","metadata":{"emulator":{"name":"functions"},"function":{"name":"us-central1-requestFeature"},"extension":{},"message":"\u001b[90m> \u001b[39m ]"}}
